# JRE version: OpenJDK Runtime Environment Temurin-21.0.10+7 (21.0.10+7) (build 21.0.10+7-LTS)
# Java VM: OpenJDK 64-Bit Server VM Temurin-21.0.10+7 (21.0.10+7-LTS, mixed mode, sharing, tiered, compressed oops, compressed class ptrs, g1 gc, windows-amd64)
GC Precious Log:
 CardTable entry size: 512
 Card Set container configuration: InlinePtr #cards 5 size 8 Array Of Cards #cards 12 size 40 Howl #buckets 4 coarsen threshold 1843 Howl Bitmap #cards 512 size 80 coarsen threshold 460 Card regions per heap region 1 cards per card region 2048
 CPUs: 12 total, 12 available
 Memory: 7560M
 Large Page Support: Disabled
 NUMA Support: Disabled
 Compressed Oops: Enabled (32-bit)
 Heap Region Size: 1M
 Heap Min Capacity: 8M
 Heap Initial Capacity: 120M
 Heap Max Capacity: 1892M
 Pre-touch: Disabled
 Parallel Workers: 10
 Concurrent Workers: 3
 Concurrent Refinement Workers: 10
 Periodic GC: Disabled
Heap:
 garbage-first heap   total 137216K, used 93016K [0x0000000089c00000, 0x0000000100000000)
  region size 1024K, 54 young (55296K), 6 survivors (6144K)
 Metaspace       used 93057K, committed 93888K, reserved 1179648K
  class space    used 12683K, committed 13056K, reserved 1048576K
GC Heap History (20 events):
Event: 15178.582 GC heap after
{Heap after GC invocations=57 (full 0):
 garbage-first heap   total 146432K, used 43193K [0x0000000089c00000, 0x0000000100000000)
  region size 1024K, 1 young (1024K), 1 survivors (1024K)
 Metaspace       used 89334K, committed 89984K, reserved 1179648K
  class space    used 12354K, committed 12608K, reserved 1048576K
}
Event: 15179.495 GC heap before
{Heap before GC invocations=57 (full 0):
 garbage-first heap   total 146432K, used 49337K [0x0000000089c00000, 0x0000000100000000)
  region size 1024K, 7 young (7168K), 1 survivors (1024K)
 Metaspace       used 90152K, committed 90752K, reserved 1179648K
  class space    used 12496K, committed 12736K, reserved 1048576K
}
Event: 15179.512 GC heap after
{Heap after GC invocations=58 (full 0):
 garbage-first heap   total 146432K, used 43623K [0x0000000089c00000, 0x0000000100000000)
  region size 1024K, 1 young (1024K), 1 survivors (1024K)
 Metaspace       used 90152K, committed 90752K, reserved 1179648K
  class space    used 12496K, committed 12736K, reserved 1048576K
}
Event: 15179.894 GC heap before
{Heap before GC invocations=58 (full 0):
 garbage-first heap   total 146432K, used 49767K [0x0000000089c00000, 0x0000000100000000)
  region size 1024K, 7 young (7168K), 1 survivors (1024K)
 Metaspace       used 90371K, committed 90944K, reserved 1179648K
  class space    used 12506K, committed 12736K, reserved 1048576K
}
Event: 15179.899 GC heap after
{Heap after GC invocations=59 (full 0):
 garbage-first heap   total 146432K, used 43603K [0x0000000089c00000, 0x0000000100000000)
  region size 1024K, 1 young (1024K), 1 survivors (1024K)
 Metaspace       used 90371K, committed 90944K, reserved 1179648K
  class space    used 12506K, committed 12736K, reserved 1048576K
}
Event: 15442.186 GC heap before
{Heap before GC invocations=59 (full 0):
 garbage-first heap   total 146432K, used 55891K [0x0000000089c00000, 0x0000000100000000)
  region size 1024K, 14 young (14336K), 1 survivors (1024K)
 Metaspace       used 90669K, committed 91264K, reserved 1179648K
  class space    used 12544K, committed 12800K, reserved 1048576K
}
Event: 15443.817 GC heap after
{Heap after GC invocations=60 (full 1):
 garbage-first heap   total 126976K, used 35366K [0x0000000089c00000, 0x0000000100000000)
  region size 1024K, 0 young (0K), 0 survivors (0K)
 Metaspace       used 90659K, committed 91264K, reserved 1179648K
  class space    used 12541K, committed 12800K, reserved 1048576K
}
Event: 15458.257 GC heap before
{Heap before GC invocations=60 (full 1):
 garbage-first heap   total 126976K, used 96806K [0x0000000089c00000, 0x0000000100000000)
  region size 1024K, 62 young (63488K), 0 survivors (0K)
 Metaspace       used 91125K, committed 91840K, reserved 1179648K
  class space    used 12572K, committed 12864K, reserved 1048576K
}
Event: 15458.286 GC heap after
{Heap after GC invocations=61 (full 1):
 garbage-first heap   total 126976K, used 41416K [0x0000000089c00000, 0x0000000100000000)
  region size 1024K, 6 young (6144K), 6 survivors (6144K)
 Metaspace       used 91125K, committed 91840K, reserved 1179648K
  class space    used 12572K, committed 12864K, reserved 1048576K
}
Event: 15463.142 GC heap before
{Heap before GC invocations=62 (full 1):
 garbage-first heap   total 126976K, used 94664K [0x0000000089c00000, 0x0000000100000000)
  region size 1024K, 57 young (58368K), 6 survivors (6144K)
 Metaspace       used 91936K, committed 92800K, reserved 1179648K
  class space    used 12659K, committed 13056K, reserved 1048576K
}
Event: 15463.156 GC heap after
{Heap after GC invocations=63 (full 1):
 garbage-first heap   total 152576K, used 43352K [0x0000000089c00000, 0x0000000100000000)
  region size 1024K, 5 young (5120K), 5 survivors (5120K)
 Metaspace       used 91936K, committed 92800K, reserved 1179648K
  class space    used 12659K, committed 13056K, reserved 1048576K
}
Event: 15463.163 GC heap before
{Heap before GC invocations=63 (full 1):
 garbage-first heap   total 152576K, used 43352K [0x0000000089c00000, 0x0000000100000000)
  region size 1024K, 6 young (6144K), 5 survivors (5120K)
 Metaspace       used 91939K, committed 92800K, reserved 1179648K
  class space    used 12660K, committed 13056K, reserved 1048576K
}
Event: 15463.261 GC heap after
{Heap after GC invocations=64 (full 2):
 garbage-first heap   total 137216K, used 38082K [0x0000000089c00000, 0x0000000100000000)
  region size 1024K, 0 young (0K), 0 survivors (0K)
 Metaspace       used 91805K, committed 92800K, reserved 1179648K
  class space    used 12627K, committed 13056K, reserved 1048576K
}
Event: 15465.568 GC heap before
{Heap before GC invocations=64 (full 2):
 garbage-first heap   total 137216K, used 96450K [0x0000000089c00000, 0x0000000100000000)
  region size 1024K, 58 young (59392K), 0 survivors (0K)
 Metaspace       used 92009K, committed 92928K, reserved 1179648K
  class space    used 12638K, committed 13056K, reserved 1048576K
}
Event: 15465.576 GC heap after
{Heap after GC invocations=65 (full 2):
 garbage-first heap   total 137216K, used 43464K [0x0000000089c00000, 0x0000000100000000)
  region size 1024K, 6 young (6144K), 6 survivors (6144K)
 Metaspace       used 92009K, committed 92928K, reserved 1179648K
  class space    used 12638K, committed 13056K, reserved 1048576K
}
Event: 15469.574 GC heap before
{Heap before GC invocations=66 (full 2):
 garbage-first heap   total 137216K, used 92616K [0x0000000089c00000, 0x0000000100000000)
  region size 1024K, 55 young (56320K), 6 survivors (6144K)
 Metaspace       used 92431K, committed 93312K, reserved 1179648K
  class space    used 12652K, committed 13056K, reserved 1048576K
}
Event: 15469.679 GC heap after
{Heap after GC invocations=67 (full 3):
 garbage-first heap   total 137216K, used 38467K [0x0000000089c00000, 0x0000000100000000)
  region size 1024K, 0 young (0K), 0 survivors (0K)
 Metaspace       used 92427K, committed 93312K, reserved 1179648K
  class space    used 12652K, committed 13056K, reserved 1048576K
}
Event: 15472.627 GC heap before
{Heap before GC invocations=67 (full 3):
 garbage-first heap   total 137216K, used 97859K [0x0000000089c00000, 0x0000000100000000)
  region size 1024K, 59 young (60416K), 0 survivors (0K)
 Metaspace       used 92606K, committed 93440K, reserved 1179648K
  class space    used 12665K, committed 13056K, reserved 1048576K
}
Event: 15472.633 GC heap after
{Heap after GC invocations=68 (full 3):
 garbage-first heap   total 137216K, used 43864K [0x0000000089c00000, 0x0000000100000000)
  region size 1024K, 6 young (6144K), 6 survivors (6144K)
 Metaspace       used 92606K, committed 93440K, reserved 1179648K
  class space    used 12665K, committed 13056K, reserved 1048576K
}
Event: 15477.005 GC heap before
{Heap before GC invocations=69 (full 3):
 garbage-first heap   total 137216K, used 93016K [0x0000000089c00000, 0x0000000100000000)
  region size 1024K, 54 young (55296K), 6 survivors (6144K)
 Metaspace       used 93057K, committed 93888K, reserved 1179648K
  class space    used 12683K, committed 13056K, reserved 1048576K
}

