# JRE version: OpenJDK Runtime Environment Temurin-21.0.10+7 (21.0.10+7) (build 21.0.10+7-LTS)
# Java VM: OpenJDK 64-Bit Server VM Temurin-21.0.10+7 (21.0.10+7-LTS, mixed mode, emulated-client, sharing, tiered, compressed oops, compressed class ptrs, g1 gc, windows-amd64)
GC Precious Log:
 CardTable entry size: 512
 Card Set container configuration: InlinePtr #cards 5 size 8 Array Of Cards #cards 12 size 40 Howl #buckets 4 coarsen threshold 1843 Howl Bitmap #cards 512 size 80 coarsen threshold 460 Card regions per heap region 1 cards per card region 2048
 CPUs: 12 total, 12 available
 Memory: 7560M
 Large Page Support: Disabled
 NUMA Support: Disabled
 Compressed Oops: Enabled (32-bit)
 Heap Region Size: 1M
 Heap Min Capacity: 8M
 Heap Initial Capacity: 120M
 Heap Max Capacity: 1G
 Pre-touch: Disabled
 Parallel Workers: 10
 Concurrent Workers: 3
 Concurrent Refinement Workers: 10
 Periodic GC: Disabled
Heap:
 garbage-first heap   total 95232K, used 40635K [0x00000000c0000000, 0x0000000100000000)
  region size 1024K, 1 young (1024K), 0 survivors (0K)
 Metaspace       used 53832K, committed 54976K, reserved 1114112K
  class space    used 6665K, committed 7104K, reserved 1048576K
GC Heap History (20 events):
Event: 1031.809 GC heap after
{Heap after GC invocations=95 (full 84):
 garbage-first heap   total 95232K, used 40635K [0x00000000c0000000, 0x0000000100000000)
  region size 1024K, 0 young (0K), 0 survivors (0K)
 Metaspace       used 53832K, committed 54976K, reserved 1114112K
  class space    used 6665K, committed 7104K, reserved 1048576K
}
Event: 1042.471 GC heap before
{Heap before GC invocations=95 (full 84):
 garbage-first heap   total 95232K, used 40635K [0x00000000c0000000, 0x0000000100000000)
  region size 1024K, 1 young (1024K), 0 survivors (0K)
 Metaspace       used 53832K, committed 54976K, reserved 1114112K
  class space    used 6665K, committed 7104K, reserved 1048576K
}
Event: 1042.561 GC heap after
{Heap after GC invocations=96 (full 85):
 garbage-first heap   total 95232K, used 40635K [0x00000000c0000000, 0x0000000100000000)
  region size 1024K, 0 young (0K), 0 survivors (0K)
 Metaspace       used 53832K, committed 54976K, reserved 1114112K
  class space    used 6665K, committed 7104K, reserved 1048576K
}
Event: 1052.905 GC heap before
{Heap before GC invocations=96 (full 85):
 garbage-first heap   total 95232K, used 40635K [0x00000000c0000000, 0x0000000100000000)
  region size 1024K, 1 young (1024K), 0 survivors (0K)
 Metaspace       used 53832K, committed 54976K, reserved 1114112K
  class space    used 6665K, committed 7104K, reserved 1048576K
}
Event: 1052.957 GC heap after
{Heap after GC invocations=97 (full 86):
 garbage-first heap   total 95232K, used 40635K [0x00000000c0000000, 0x0000000100000000)
  region size 1024K, 0 young (0K), 0 survivors (0K)
 Metaspace       used 53832K, committed 54976K, reserved 1114112K
  class space    used 6665K, committed 7104K, reserved 1048576K
}
Event: 1063.236 GC heap before
{Heap before GC invocations=97 (full 86):
 garbage-first heap   total 95232K, used 40635K [0x00000000c0000000, 0x0000000100000000)
  region size 1024K, 1 young (1024K), 0 survivors (0K)
 Metaspace       used 53832K, committed 54976K, reserved 1114112K
  class space    used 6665K, committed 7104K, reserved 1048576K
}
Event: 1063.280 GC heap after
{Heap after GC invocations=98 (full 87):
 garbage-first heap   total 95232K, used 40635K [0x00000000c0000000, 0x0000000100000000)
  region size 1024K, 0 young (0K), 0 survivors (0K)
 Metaspace       used 53832K, committed 54976K, reserved 1114112K
  class space    used 6665K, committed 7104K, reserved 1048576K
}
Event: 1073.539 GC heap before
{Heap before GC invocations=98 (full 87):
 garbage-first heap   total 95232K, used 40635K [0x00000000c0000000, 0x0000000100000000)
  region size 1024K, 1 young (1024K), 0 survivors (0K)
 Metaspace       used 53832K, committed 54976K, reserved 1114112K
  class space    used 6665K, committed 7104K, reserved 1048576K
}
Event: 1073.607 GC heap after
{Heap after GC invocations=99 (full 88):
 garbage-first heap   total 95232K, used 40635K [0x00000000c0000000, 0x0000000100000000)
  region size 1024K, 0 young (0K), 0 survivors (0K)
 Metaspace       used 53832K, committed 54976K, reserved 1114112K
  class space    used 6665K, committed 7104K, reserved 1048576K
}
Event: 1084.049 GC heap before
{Heap before GC invocations=99 (full 88):
 garbage-first heap   total 95232K, used 40635K [0x00000000c0000000, 0x0000000100000000)
  region size 1024K, 1 young (1024K), 0 survivors (0K)
 Metaspace       used 53832K, committed 54976K, reserved 1114112K
  class space    used 6665K, committed 7104K, reserved 1048576K
}
Event: 1084.123 GC heap after
{Heap after GC invocations=100 (full 89):
 garbage-first heap   total 95232K, used 40635K [0x00000000c0000000, 0x0000000100000000)
  region size 1024K, 0 young (0K), 0 survivors (0K)
 Metaspace       used 53832K, committed 54976K, reserved 1114112K
  class space    used 6665K, committed 7104K, reserved 1048576K
}
Event: 1094.413 GC heap before
{Heap before GC invocations=100 (full 89):
 garbage-first heap   total 95232K, used 40635K [0x00000000c0000000, 0x0000000100000000)
  region size 1024K, 1 young (1024K), 0 survivors (0K)
 Metaspace       used 53832K, committed 54976K, reserved 1114112K
  class space    used 6665K, committed 7104K, reserved 1048576K
}
Event: 1094.472 GC heap after
{Heap after GC invocations=101 (full 90):
 garbage-first heap   total 95232K, used 40635K [0x00000000c0000000, 0x0000000100000000)
  region size 1024K, 0 young (0K), 0 survivors (0K)
 Metaspace       used 53832K, committed 54976K, reserved 1114112K
  class space    used 6665K, committed 7104K, reserved 1048576K
}
Event: 1104.769 GC heap before
{Heap before GC invocations=101 (full 90):
 garbage-first heap   total 95232K, used 40635K [0x00000000c0000000, 0x0000000100000000)
  region size 1024K, 1 young (1024K), 0 survivors (0K)
 Metaspace       used 53832K, committed 54976K, reserved 1114112K
  class space    used 6665K, committed 7104K, reserved 1048576K
}
Event: 1104.832 GC heap after
{Heap after GC invocations=102 (full 91):
 garbage-first heap   total 95232K, used 40635K [0x00000000c0000000, 0x0000000100000000)
  region size 1024K, 0 young (0K), 0 survivors (0K)
 Metaspace       used 53832K, committed 54976K, reserved 1114112K
  class space    used 6665K, committed 7104K, reserved 1048576K
}
Event: 1115.251 GC heap before
{Heap before GC invocations=102 (full 91):
 garbage-first heap   total 95232K, used 40635K [0x00000000c0000000, 0x0000000100000000)
  region size 1024K, 1 young (1024K), 0 survivors (0K)
 Metaspace       used 53832K, committed 54976K, reserved 1114112K
  class space    used 6665K, committed 7104K, reserved 1048576K
}
Event: 1115.314 GC heap after
{Heap after GC invocations=103 (full 92):
 garbage-first heap   total 95232K, used 40635K [0x00000000c0000000, 0x0000000100000000)
  region size 1024K, 0 young (0K), 0 survivors (0K)
 Metaspace       used 53832K, committed 54976K, reserved 1114112K
  class space    used 6665K, committed 7104K, reserved 1048576K
}
Event: 1125.532 GC heap before
{Heap before GC invocations=103 (full 92):
 garbage-first heap   total 95232K, used 40635K [0x00000000c0000000, 0x0000000100000000)
  region size 1024K, 1 young (1024K), 0 survivors (0K)
 Metaspace       used 53832K, committed 54976K, reserved 1114112K
  class space    used 6665K, committed 7104K, reserved 1048576K
}
Event: 1125.571 GC heap after
{Heap after GC invocations=104 (full 93):
 garbage-first heap   total 95232K, used 40635K [0x00000000c0000000, 0x0000000100000000)
  region size 1024K, 0 young (0K), 0 survivors (0K)
 Metaspace       used 53832K, committed 54976K, reserved 1114112K
  class space    used 6665K, committed 7104K, reserved 1048576K
}
Event: 1136.484 GC heap before
{Heap before GC invocations=104 (full 93):
 garbage-first heap   total 95232K, used 40635K [0x00000000c0000000, 0x0000000100000000)
  region size 1024K, 1 young (1024K), 0 survivors (0K)
 Metaspace       used 53832K, committed 54976K, reserved 1114112K
  class space    used 6665K, committed 7104K, reserved 1048576K
}

