# JRE version: OpenJDK Runtime Environment Temurin-21.0.10+7 (21.0.10+7) (build 21.0.10+7-LTS)
# Java VM: OpenJDK 64-Bit Server VM Temurin-21.0.10+7 (21.0.10+7-LTS, mixed mode, emulated-client, sharing, tiered, compressed oops, compressed class ptrs, g1 gc, windows-amd64)
GC Precious Log:
 CardTable entry size: 512
 Card Set container configuration: InlinePtr #cards 5 size 8 Array Of Cards #cards 12 size 40 Howl #buckets 4 coarsen threshold 1843 Howl Bitmap #cards 512 size 80 coarsen threshold 460 Card regions per heap region 1 cards per card region 2048
 CPUs: 12 total, 12 available
 Memory: 7560M
 Large Page Support: Disabled
 NUMA Support: Disabled
 Compressed Oops: Enabled (32-bit)
 Heap Region Size: 1M
 Heap Min Capacity: 8M
 Heap Initial Capacity: 120M
 Heap Max Capacity: 1G
 Pre-touch: Disabled
 Parallel Workers: 10
 Concurrent Workers: 3
 Concurrent Refinement Workers: 10
 Periodic GC: Disabled
Heap:
 garbage-first heap   total 104448K, used 40764K [0x00000000c0000000, 0x0000000100000000)
  region size 1024K, 1 young (1024K), 0 survivors (0K)
 Metaspace       used 54048K, committed 55232K, reserved 1114112K
  class space    used 6677K, committed 7168K, reserved 1048576K
GC Heap History (20 events):
Event: 1198.997 GC heap after
{Heap after GC invocations=106 (full 93):
 garbage-first heap   total 104448K, used 40764K [0x00000000c0000000, 0x0000000100000000)
  region size 1024K, 0 young (0K), 0 survivors (0K)
 Metaspace       used 54048K, committed 55232K, reserved 1114112K
  class space    used 6677K, committed 7168K, reserved 1048576K
}
Event: 1209.485 GC heap before
{Heap before GC invocations=106 (full 93):
 garbage-first heap   total 104448K, used 40764K [0x00000000c0000000, 0x0000000100000000)
  region size 1024K, 1 young (1024K), 0 survivors (0K)
 Metaspace       used 54048K, committed 55232K, reserved 1114112K
  class space    used 6677K, committed 7168K, reserved 1048576K
}
Event: 1209.556 GC heap after
{Heap after GC invocations=107 (full 94):
 garbage-first heap   total 104448K, used 40764K [0x00000000c0000000, 0x0000000100000000)
  region size 1024K, 0 young (0K), 0 survivors (0K)
 Metaspace       used 54048K, committed 55232K, reserved 1114112K
  class space    used 6677K, committed 7168K, reserved 1048576K
}
Event: 1220.023 GC heap before
{Heap before GC invocations=107 (full 94):
 garbage-first heap   total 104448K, used 40764K [0x00000000c0000000, 0x0000000100000000)
  region size 1024K, 1 young (1024K), 0 survivors (0K)
 Metaspace       used 54048K, committed 55232K, reserved 1114112K
  class space    used 6677K, committed 7168K, reserved 1048576K
}
Event: 1220.089 GC heap after
{Heap after GC invocations=108 (full 95):
 garbage-first heap   total 104448K, used 40764K [0x00000000c0000000, 0x0000000100000000)
  region size 1024K, 0 young (0K), 0 survivors (0K)
 Metaspace       used 54048K, committed 55232K, reserved 1114112K
  class space    used 6677K, committed 7168K, reserved 1048576K
}
Event: 1231.603 GC heap before
{Heap before GC invocations=108 (full 95):
 garbage-first heap   total 104448K, used 40764K [0x00000000c0000000, 0x0000000100000000)
  region size 1024K, 1 young (1024K), 0 survivors (0K)
 Metaspace       used 54048K, committed 55232K, reserved 1114112K
  class space    used 6677K, committed 7168K, reserved 1048576K
}
Event: 1231.750 GC heap after
{Heap after GC invocations=109 (full 96):
 garbage-first heap   total 104448K, used 40764K [0x00000000c0000000, 0x0000000100000000)
  region size 1024K, 0 young (0K), 0 survivors (0K)
 Metaspace       used 54048K, committed 55232K, reserved 1114112K
  class space    used 6677K, committed 7168K, reserved 1048576K
}
Event: 1242.070 GC heap before
{Heap before GC invocations=109 (full 96):
 garbage-first heap   total 104448K, used 40764K [0x00000000c0000000, 0x0000000100000000)
  region size 1024K, 1 young (1024K), 0 survivors (0K)
 Metaspace       used 54048K, committed 55232K, reserved 1114112K
  class space    used 6677K, committed 7168K, reserved 1048576K
}
Event: 1242.115 GC heap after
{Heap after GC invocations=110 (full 97):
 garbage-first heap   total 104448K, used 40764K [0x00000000c0000000, 0x0000000100000000)
  region size 1024K, 0 young (0K), 0 survivors (0K)
 Metaspace       used 54048K, committed 55232K, reserved 1114112K
  class space    used 6677K, committed 7168K, reserved 1048576K
}
Event: 1252.391 GC heap before
{Heap before GC invocations=110 (full 97):
 garbage-first heap   total 104448K, used 40764K [0x00000000c0000000, 0x0000000100000000)
  region size 1024K, 1 young (1024K), 0 survivors (0K)
 Metaspace       used 54048K, committed 55232K, reserved 1114112K
  class space    used 6677K, committed 7168K, reserved 1048576K
}
Event: 1252.431 GC heap after
{Heap after GC invocations=111 (full 98):
 garbage-first heap   total 104448K, used 40764K [0x00000000c0000000, 0x0000000100000000)
  region size 1024K, 0 young (0K), 0 survivors (0K)
 Metaspace       used 54048K, committed 55232K, reserved 1114112K
  class space    used 6677K, committed 7168K, reserved 1048576K
}
Event: 1262.700 GC heap before
{Heap before GC invocations=111 (full 98):
 garbage-first heap   total 104448K, used 40764K [0x00000000c0000000, 0x0000000100000000)
  region size 1024K, 1 young (1024K), 0 survivors (0K)
 Metaspace       used 54048K, committed 55232K, reserved 1114112K
  class space    used 6677K, committed 7168K, reserved 1048576K
}
Event: 1262.758 GC heap after
{Heap after GC invocations=112 (full 99):
 garbage-first heap   total 104448K, used 40764K [0x00000000c0000000, 0x0000000100000000)
  region size 1024K, 0 young (0K), 0 survivors (0K)
 Metaspace       used 54048K, committed 55232K, reserved 1114112K
  class space    used 6677K, committed 7168K, reserved 1048576K
}
Event: 1273.158 GC heap before
{Heap before GC invocations=112 (full 99):
 garbage-first heap   total 104448K, used 40764K [0x00000000c0000000, 0x0000000100000000)
  region size 1024K, 1 young (1024K), 0 survivors (0K)
 Metaspace       used 54048K, committed 55232K, reserved 1114112K
  class space    used 6677K, committed 7168K, reserved 1048576K
}
Event: 1273.225 GC heap after
{Heap after GC invocations=113 (full 100):
 garbage-first heap   total 104448K, used 40764K [0x00000000c0000000, 0x0000000100000000)
  region size 1024K, 0 young (0K), 0 survivors (0K)
 Metaspace       used 54048K, committed 55232K, reserved 1114112K
  class space    used 6677K, committed 7168K, reserved 1048576K
}
Event: 1283.912 GC heap before
{Heap before GC invocations=113 (full 100):
 garbage-first heap   total 104448K, used 40764K [0x00000000c0000000, 0x0000000100000000)
  region size 1024K, 1 young (1024K), 0 survivors (0K)
 Metaspace       used 54048K, committed 55232K, reserved 1114112K
  class space    used 6677K, committed 7168K, reserved 1048576K
}
Event: 1283.970 GC heap after
{Heap after GC invocations=114 (full 101):
 garbage-first heap   total 104448K, used 40764K [0x00000000c0000000, 0x0000000100000000)
  region size 1024K, 0 young (0K), 0 survivors (0K)
 Metaspace       used 54048K, committed 55232K, reserved 1114112K
  class space    used 6677K, committed 7168K, reserved 1048576K
}
Event: 1294.243 GC heap before
{Heap before GC invocations=114 (full 101):
 garbage-first heap   total 104448K, used 40764K [0x00000000c0000000, 0x0000000100000000)
  region size 1024K, 1 young (1024K), 0 survivors (0K)
 Metaspace       used 54048K, committed 55232K, reserved 1114112K
  class space    used 6677K, committed 7168K, reserved 1048576K
}
Event: 1294.293 GC heap after
{Heap after GC invocations=115 (full 102):
 garbage-first heap   total 104448K, used 40764K [0x00000000c0000000, 0x0000000100000000)
  region size 1024K, 0 young (0K), 0 survivors (0K)
 Metaspace       used 54048K, committed 55232K, reserved 1114112K
  class space    used 6677K, committed 7168K, reserved 1048576K
}
Event: 1305.898 GC heap before
{Heap before GC invocations=115 (full 102):
 garbage-first heap   total 104448K, used 40764K [0x00000000c0000000, 0x0000000100000000)
  region size 1024K, 1 young (1024K), 0 survivors (0K)
 Metaspace       used 54048K, committed 55232K, reserved 1114112K
  class space    used 6677K, committed 7168K, reserved 1048576K
}

