# JRE version: OpenJDK Runtime Environment Temurin-21.0.10+7 (21.0.10+7) (build 21.0.10+7-LTS)
# Java VM: OpenJDK 64-Bit Server VM Temurin-21.0.10+7 (21.0.10+7-LTS, mixed mode, sharing, tiered, compressed oops, compressed class ptrs, parallel gc, windows-amd64)
GC Precious Log:
 CardTable entry size: 512
 CPUs: 12 total, 12 available
 Memory: 7560M
 Large Page Support: Disabled
 NUMA Support: Disabled
 Compressed Oops: Enabled (32-bit)
 Alignments: Space 512K, Generation 512K, Heap 2M
 Heap Min Capacity: 100M
 Heap Initial Capacity: 100M
 Heap Max Capacity: 2G
 Pre-touch: Disabled
 Parallel Workers: 10
Heap:
 PSYoungGen      total 8192K, used 2358K [0x00000000d5580000, 0x00000000d5f80000, 0x0000000100000000)
  eden space 5632K, 24% used [0x00000000d5580000,0x00000000d56d5900,0x00000000d5b00000)
  from space 2560K, 38% used [0x00000000d5b00000,0x00000000d5bf8020,0x00000000d5d80000)
  to   space 1536K, 0% used [0x00000000d5e00000,0x00000000d5e00000,0x00000000d5f80000)
 ParOldGen       total 271872K, used 271835K [0x0000000080000000, 0x0000000090980000, 0x00000000d5580000)
  object space 271872K, 99% used [0x0000000080000000,0x0000000090976ee0,0x0000000090980000)
 Metaspace       used 78728K, committed 80384K, reserved 1179648K
  class space    used 8283K, committed 9024K, reserved 1048576K
GC Heap History (20 events):
Event: 1598.895 GC heap before
{Heap before GC invocations=271 (full 3):
 PSYoungGen      total 7168K, used 6270K [0x00000000d5580000, 0x00000000d6180000, 0x0000000100000000)
  eden space 5632K, 100% used [0x00000000d5580000,0x00000000d5b00000,0x00000000d5b00000)
  from space 1536K, 41% used [0x00000000d5e80000,0x00000000d5f1fb70,0x00000000d6000000)
  to   space 1024K, 0% used [0x00000000d6080000,0x00000000d6080000,0x00000000d6180000)
 ParOldGen       total 264192K, used 264186K [0x0000000080000000, 0x0000000090200000, 0x00000000d5580000)
  object space 264192K, 99% used [0x0000000080000000,0x00000000901fe900,0x0000000090200000)
 Metaspace       used 78329K, committed 80000K, reserved 1179648K
  class space    used 8280K, committed 9024K, reserved 1048576K
}
Event: 1598.912 GC heap after
{Heap after GC invocations=271 (full 3):
 PSYoungGen      total 6656K, used 660K [0x00000000d5580000, 0x00000000d6180000, 0x0000000100000000)
  eden space 5632K, 0% used [0x00000000d5580000,0x00000000d5580000,0x00000000d5b00000)
  from space 1024K, 64% used [0x00000000d6080000,0x00000000d6125220,0x00000000d6180000)
  to   space 1024K, 0% used [0x00000000d5f80000,0x00000000d5f80000,0x00000000d6080000)
 ParOldGen       total 264704K, used 264603K [0x0000000080000000, 0x0000000090280000, 0x00000000d5580000)
  object space 264704K, 99% used [0x0000000080000000,0x0000000090266d60,0x0000000090280000)
 Metaspace       used 78329K, committed 80000K, reserved 1179648K
  class space    used 8280K, committed 9024K, reserved 1048576K
}
Event: 1599.516 GC heap before
{Heap before GC invocations=272 (full 3):
 PSYoungGen      total 6656K, used 6292K [0x00000000d5580000, 0x00000000d6180000, 0x0000000100000000)
  eden space 5632K, 100% used [0x00000000d5580000,0x00000000d5b00000,0x00000000d5b00000)
  from space 1024K, 64% used [0x00000000d6080000,0x00000000d6125220,0x00000000d6180000)
  to   space 1024K, 0% used [0x00000000d5f80000,0x00000000d5f80000,0x00000000d6080000)
 ParOldGen       total 264704K, used 264603K [0x0000000080000000, 0x0000000090280000, 0x00000000d5580000)
  object space 264704K, 99% used [0x0000000080000000,0x0000000090266d60,0x0000000090280000)
 Metaspace       used 78331K, committed 80000K, reserved 1179648K
  class space    used 8280K, committed 9024K, reserved 1048576K
}
Event: 1599.527 GC heap after
{Heap after GC invocations=272 (full 3):
 PSYoungGen      total 6656K, used 992K [0x00000000d5580000, 0x00000000d6100000, 0x0000000100000000)
  eden space 5632K, 0% used [0x00000000d5580000,0x00000000d5580000,0x00000000d5b00000)
  from space 1024K, 96% used [0x00000000d5f80000,0x00000000d6078020,0x00000000d6080000)
  to   space 512K, 0% used [0x00000000d6080000,0x00000000d6080000,0x00000000d6100000)
 ParOldGen       total 265728K, used 265231K [0x0000000080000000, 0x0000000090380000, 0x00000000d5580000)
  object space 265728K, 99% used [0x0000000080000000,0x0000000090303fb0,0x0000000090380000)
 Metaspace       used 78331K, committed 80000K, reserved 1179648K
  class space    used 8280K, committed 9024K, reserved 1048576K
}
Event: 1600.091 GC heap before
{Heap before GC invocations=273 (full 3):
 PSYoungGen      total 6656K, used 6624K [0x00000000d5580000, 0x00000000d6100000, 0x0000000100000000)
  eden space 5632K, 100% used [0x00000000d5580000,0x00000000d5b00000,0x00000000d5b00000)
  from space 1024K, 96% used [0x00000000d5f80000,0x00000000d6078020,0x00000000d6080000)
  to   space 512K, 0% used [0x00000000d6080000,0x00000000d6080000,0x00000000d6100000)
 ParOldGen       total 265728K, used 265231K [0x0000000080000000, 0x0000000090380000, 0x00000000d5580000)
  object space 265728K, 99% used [0x0000000080000000,0x0000000090303fb0,0x0000000090380000)
 Metaspace       used 78384K, committed 80064K, reserved 1179648K
  class space    used 8280K, committed 9024K, reserved 1048576K
}
Event: 1600.101 GC heap after
{Heap after GC invocations=273 (full 3):
 PSYoungGen      total 6144K, used 512K [0x00000000d5580000, 0x00000000d6100000, 0x0000000100000000)
  eden space 5632K, 0% used [0x00000000d5580000,0x00000000d5580000,0x00000000d5b00000)
  from space 512K, 100% used [0x00000000d6080000,0x00000000d6100000,0x00000000d6100000)
  to   space 2048K, 0% used [0x00000000d5d00000,0x00000000d5d00000,0x00000000d5f00000)
 ParOldGen       total 266752K, used 266519K [0x0000000080000000, 0x0000000090480000, 0x00000000d5580000)
  object space 266752K, 99% used [0x0000000080000000,0x0000000090445ff0,0x0000000090480000)
 Metaspace       used 78384K, committed 80064K, reserved 1179648K
  class space    used 8280K, committed 9024K, reserved 1048576K
}
Event: 1600.532 GC heap before
{Heap before GC invocations=274 (full 3):
 PSYoungGen      total 6144K, used 6144K [0x00000000d5580000, 0x00000000d6100000, 0x0000000100000000)
  eden space 5632K, 100% used [0x00000000d5580000,0x00000000d5b00000,0x00000000d5b00000)
  from space 512K, 100% used [0x00000000d6080000,0x00000000d6100000,0x00000000d6100000)
  to   space 2048K, 0% used [0x00000000d5d00000,0x00000000d5d00000,0x00000000d5f00000)
 ParOldGen       total 266752K, used 266519K [0x0000000080000000, 0x0000000090480000, 0x00000000d5580000)
  object space 266752K, 99% used [0x0000000080000000,0x0000000090445ff0,0x0000000090480000)
 Metaspace       used 78417K, committed 80064K, reserved 1179648K
  class space    used 8280K, committed 9024K, reserved 1048576K
}
Event: 1600.537 GC heap after
{Heap after GC invocations=274 (full 3):
 PSYoungGen      total 7680K, used 1290K [0x00000000d5580000, 0x00000000d6100000, 0x0000000100000000)
  eden space 5632K, 0% used [0x00000000d5580000,0x00000000d5580000,0x00000000d5b00000)
  from space 2048K, 63% used [0x00000000d5d00000,0x00000000d5e42910,0x00000000d5f00000)
  to   space 1536K, 0% used [0x00000000d5f80000,0x00000000d5f80000,0x00000000d6100000)
 ParOldGen       total 267264K, used 267063K [0x0000000080000000, 0x0000000090500000, 0x00000000d5580000)
  object space 267264K, 99% used [0x0000000080000000,0x00000000904cdff0,0x0000000090500000)
 Metaspace       used 78417K, committed 80064K, reserved 1179648K
  class space    used 8280K, committed 9024K, reserved 1048576K
}
Event: 1600.879 GC heap before
{Heap before GC invocations=275 (full 3):
 PSYoungGen      total 7680K, used 6922K [0x00000000d5580000, 0x00000000d6100000, 0x0000000100000000)
  eden space 5632K, 100% used [0x00000000d5580000,0x00000000d5b00000,0x00000000d5b00000)
  from space 2048K, 63% used [0x00000000d5d00000,0x00000000d5e42910,0x00000000d5f00000)
  to   space 1536K, 0% used [0x00000000d5f80000,0x00000000d5f80000,0x00000000d6100000)
 ParOldGen       total 267264K, used 267063K [0x0000000080000000, 0x0000000090500000, 0x00000000d5580000)
  object space 267264K, 99% used [0x0000000080000000,0x00000000904cdff0,0x0000000090500000)
 Metaspace       used 78551K, committed 80192K, reserved 1179648K
  class space    used 8280K, committed 9024K, reserved 1048576K
}
Event: 1600.884 GC heap after
{Heap after GC invocations=275 (full 3):
 PSYoungGen      total 7168K, used 1040K [0x00000000d5580000, 0x00000000d6100000, 0x0000000100000000)
  eden space 5632K, 0% used [0x00000000d5580000,0x00000000d5580000,0x00000000d5b00000)
  from space 1536K, 67% used [0x00000000d5f80000,0x00000000d6084010,0x00000000d6100000)
  to   space 1536K, 0% used [0x00000000d5e00000,0x00000000d5e00000,0x00000000d5f80000)
 ParOldGen       total 268288K, used 268120K [0x0000000080000000, 0x0000000090600000, 0x00000000d5580000)
  object space 268288K, 99% used [0x0000000080000000,0x00000000905d6060,0x0000000090600000)
 Metaspace       used 78551K, committed 80192K, reserved 1179648K
  class space    used 8280K, committed 9024K, reserved 1048576K
}
Event: 1611.167 GC heap before
{Heap before GC invocations=276 (full 3):
 PSYoungGen      total 7168K, used 6672K [0x00000000d5580000, 0x00000000d6100000, 0x0000000100000000)
  eden space 5632K, 100% used [0x00000000d5580000,0x00000000d5b00000,0x00000000d5b00000)
  from space 1536K, 67% used [0x00000000d5f80000,0x00000000d6084010,0x00000000d6100000)
  to   space 1536K, 0% used [0x00000000d5e00000,0x00000000d5e00000,0x00000000d5f80000)
 ParOldGen       total 268288K, used 268120K [0x0000000080000000, 0x0000000090600000, 0x00000000d5580000)
  object space 268288K, 99% used [0x0000000080000000,0x00000000905d6060,0x0000000090600000)
 Metaspace       used 78592K, committed 80256K, reserved 1179648K
  class space    used 8280K, committed 9024K, reserved 1048576K
}
Event: 1611.294 GC heap after
{Heap after GC invocations=276 (full 3):
 PSYoungGen      total 6144K, used 372K [0x00000000d5580000, 0x00000000d6000000, 0x0000000100000000)
  eden space 5632K, 0% used [0x00000000d5580000,0x00000000d5580000,0x00000000d5b00000)
  from space 512K, 72% used [0x00000000d5e00000,0x00000000d5e5d220,0x00000000d5e80000)
  to   space 1024K, 0% used [0x00000000d5f00000,0x00000000d5f00000,0x00000000d6000000)
 ParOldGen       total 269312K, used 268960K [0x0000000080000000, 0x0000000090700000, 0x00000000d5580000)
  object space 269312K, 99% used [0x0000000080000000,0x00000000906a8080,0x0000000090700000)
 Metaspace       used 78592K, committed 80256K, reserved 1179648K
  class space    used 8280K, committed 9024K, reserved 1048576K
}
Event: 1611.724 GC heap before
{Heap before GC invocations=277 (full 3):
 PSYoungGen      total 6144K, used 6004K [0x00000000d5580000, 0x00000000d6000000, 0x0000000100000000)
  eden space 5632K, 100% used [0x00000000d5580000,0x00000000d5b00000,0x00000000d5b00000)
  from space 512K, 72% used [0x00000000d5e00000,0x00000000d5e5d220,0x00000000d5e80000)
  to   space 1024K, 0% used [0x00000000d5f00000,0x00000000d5f00000,0x00000000d6000000)
 ParOldGen       total 269312K, used 268960K [0x0000000080000000, 0x0000000090700000, 0x00000000d5580000)
  object space 269312K, 99% used [0x0000000080000000,0x00000000906a8080,0x0000000090700000)
 Metaspace       used 78622K, committed 80256K, reserved 1179648K
  class space    used 8282K, committed 9024K, reserved 1048576K
}
Event: 1611.736 GC heap after
{Heap after GC invocations=277 (full 3):
 PSYoungGen      total 6656K, used 736K [0x00000000d5580000, 0x00000000d6000000, 0x0000000100000000)
  eden space 5632K, 0% used [0x00000000d5580000,0x00000000d5580000,0x00000000d5b00000)
  from space 1024K, 71% used [0x00000000d5f00000,0x00000000d5fb8020,0x00000000d6000000)
  to   space 1024K, 0% used [0x00000000d5e00000,0x00000000d5e00000,0x00000000d5f00000)
 ParOldGen       total 269312K, used 269249K [0x0000000080000000, 0x0000000090700000, 0x00000000d5580000)
  object space 269312K, 99% used [0x0000000080000000,0x00000000906f04a0,0x0000000090700000)
 Metaspace       used 78622K, committed 80256K, reserved 1179648K
  class space    used 8282K, committed 9024K, reserved 1048576K
}
Event: 1612.895 GC heap before
{Heap before GC invocations=278 (full 3):
 PSYoungGen      total 6656K, used 6368K [0x00000000d5580000, 0x00000000d6000000, 0x0000000100000000)
  eden space 5632K, 100% used [0x00000000d5580000,0x00000000d5b00000,0x00000000d5b00000)
  from space 1024K, 71% used [0x00000000d5f00000,0x00000000d5fb8020,0x00000000d6000000)
  to   space 1024K, 0% used [0x00000000d5e00000,0x00000000d5e00000,0x00000000d5f00000)
 ParOldGen       total 269312K, used 269249K [0x0000000080000000, 0x0000000090700000, 0x00000000d5580000)
  object space 269312K, 99% used [0x0000000080000000,0x00000000906f04a0,0x0000000090700000)
 Metaspace       used 78692K, committed 80320K, reserved 1179648K
  class space    used 8282K, committed 9024K, reserved 1048576K
}
Event: 1612.899 GC heap after
{Heap after GC invocations=278 (full 3):
 PSYoungGen      total 6656K, used 1024K [0x00000000d5580000, 0x00000000d5f80000, 0x0000000100000000)
  eden space 5632K, 0% used [0x00000000d5580000,0x00000000d5580000,0x00000000d5b00000)
  from space 1024K, 100% used [0x00000000d5e00000,0x00000000d5f00000,0x00000000d5f00000)
  to   space 512K, 0% used [0x00000000d5f00000,0x00000000d5f00000,0x00000000d5f80000)
 ParOldGen       total 270336K, used 269905K [0x0000000080000000, 0x0000000090800000, 0x00000000d5580000)
  object space 270336K, 99% used [0x0000000080000000,0x0000000090794500,0x0000000090800000)
 Metaspace       used 78692K, committed 80320K, reserved 1179648K
  class space    used 8282K, committed 9024K, reserved 1048576K
}
Event: 1613.106 GC heap before
{Heap before GC invocations=279 (full 3):
 PSYoungGen      total 6656K, used 6656K [0x00000000d5580000, 0x00000000d5f80000, 0x0000000100000000)
  eden space 5632K, 100% used [0x00000000d5580000,0x00000000d5b00000,0x00000000d5b00000)
  from space 1024K, 100% used [0x00000000d5e00000,0x00000000d5f00000,0x00000000d5f00000)
  to   space 512K, 0% used [0x00000000d5f00000,0x00000000d5f00000,0x00000000d5f80000)
 ParOldGen       total 270336K, used 269905K [0x0000000080000000, 0x0000000090800000, 0x00000000d5580000)
  object space 270336K, 99% used [0x0000000080000000,0x0000000090794500,0x0000000090800000)
 Metaspace       used 78718K, committed 80384K, reserved 1179648K
  class space    used 8283K, committed 9024K, reserved 1048576K
}
Event: 1613.119 GC heap after
{Heap after GC invocations=279 (full 3):
 PSYoungGen      total 6144K, used 512K [0x00000000d5580000, 0x00000000d6000000, 0x0000000100000000)
  eden space 5632K, 0% used [0x00000000d5580000,0x00000000d5580000,0x00000000d5b00000)
  from space 512K, 100% used [0x00000000d5f00000,0x00000000d5f80000,0x00000000d5f80000)
  to   space 2560K, 0% used [0x00000000d5b00000,0x00000000d5b00000,0x00000000d5d80000)
 ParOldGen       total 271872K, used 271393K [0x0000000080000000, 0x0000000090980000, 0x00000000d5580000)
  object space 271872K, 99% used [0x0000000080000000,0x0000000090908740,0x0000000090980000)
 Metaspace       used 78718K, committed 80384K, reserved 1179648K
  class space    used 8283K, committed 9024K, reserved 1048576K
}
Event: 1613.248 GC heap before
{Heap before GC invocations=280 (full 3):
 PSYoungGen      total 6144K, used 6144K [0x00000000d5580000, 0x00000000d6000000, 0x0000000100000000)
  eden space 5632K, 100% used [0x00000000d5580000,0x00000000d5b00000,0x00000000d5b00000)
  from space 512K, 100% used [0x00000000d5f00000,0x00000000d5f80000,0x00000000d5f80000)
  to   space 2560K, 0% used [0x00000000d5b00000,0x00000000d5b00000,0x00000000d5d80000)
 ParOldGen       total 271872K, used 271393K [0x0000000080000000, 0x0000000090980000, 0x00000000d5580000)
  object space 271872K, 99% used [0x0000000080000000,0x0000000090908740,0x0000000090980000)
 Metaspace       used 78725K, committed 80384K, reserved 1179648K
  class space    used 8283K, committed 9024K, reserved 1048576K
}
Event: 1613.254 GC heap after
{Heap after GC invocations=280 (full 3):
 PSYoungGen      total 8192K, used 992K [0x00000000d5580000, 0x00000000d5f80000, 0x0000000100000000)
  eden space 5632K, 0% used [0x00000000d5580000,0x00000000d5580000,0x00000000d5b00000)
  from space 2560K, 38% used [0x00000000d5b00000,0x00000000d5bf8020,0x00000000d5d80000)
  to   space 1536K, 0% used [0x00000000d5e00000,0x00000000d5e00000,0x00000000d5f80000)
 ParOldGen       total 271872K, used 271835K [0x0000000080000000, 0x0000000090980000, 0x00000000d5580000)
  object space 271872K, 99% used [0x0000000080000000,0x0000000090976ee0,0x0000000090980000)
 Metaspace       used 78725K, committed 80384K, reserved 1179648K
  class space    used 8283K, committed 9024K, reserved 1048576K
}

