# JRE version: OpenJDK Runtime Environment Temurin-21.0.10+7 (21.0.10+7) (build 21.0.10+7-LTS)
# Java VM: OpenJDK 64-Bit Server VM Temurin-21.0.10+7 (21.0.10+7-LTS, mixed mode, sharing, tiered, compressed oops, compressed class ptrs, g1 gc, windows-amd64)
GC Precious Log:
 CardTable entry size: 512
 Card Set container configuration: InlinePtr #cards 5 size 8 Array Of Cards #cards 12 size 40 Howl #buckets 4 coarsen threshold 1843 Howl Bitmap #cards 512 size 80 coarsen threshold 460 Card regions per heap region 1 cards per card region 2048
 CPUs: 12 total, 12 available
 Memory: 7560M
 Large Page Support: Disabled
 NUMA Support: Disabled
 Compressed Oops: Enabled (32-bit)
 Heap Region Size: 1M
 Heap Min Capacity: 8M
 Heap Initial Capacity: 120M
 Heap Max Capacity: 1892M
 Pre-touch: Disabled
 Parallel Workers: 10
 Concurrent Workers: 3
 Concurrent Refinement Workers: 10
 Periodic GC: Disabled
Heap:
 garbage-first heap   total 137216K, used 93653K [0x0000000089c00000, 0x0000000100000000)
  region size 1024K, 55 young (56320K), 6 survivors (6144K)
 Metaspace       used 94134K, committed 94912K, reserved 1179648K
  class space    used 12780K, committed 13120K, reserved 1048576K
GC Heap History (20 events):
Event: 15644.553 GC heap after
{Heap after GC invocations=47 (full 1):
 garbage-first heap   total 126976K, used 46709K [0x0000000089c00000, 0x0000000100000000)
  region size 1024K, 3 young (3072K), 3 survivors (3072K)
 Metaspace       used 92050K, committed 92864K, reserved 1179648K
  class space    used 12703K, committed 13056K, reserved 1048576K
}
Event: 15645.829 GC heap before
{Heap before GC invocations=47 (full 1):
 garbage-first heap   total 126976K, used 49781K [0x0000000089c00000, 0x0000000100000000)
  region size 1024K, 7 young (7168K), 3 survivors (3072K)
 Metaspace       used 92071K, committed 92864K, reserved 1179648K
  class space    used 12705K, committed 13056K, reserved 1048576K
}
Event: 15646.774 GC heap after
{Heap after GC invocations=48 (full 2):
 garbage-first heap   total 126976K, used 38122K [0x0000000089c00000, 0x0000000100000000)
  region size 1024K, 0 young (0K), 0 survivors (0K)
 Metaspace       used 91928K, committed 92864K, reserved 1179648K
  class space    used 12670K, committed 13056K, reserved 1048576K
}
Event: 15650.305 GC heap before
{Heap before GC invocations=48 (full 2):
 garbage-first heap   total 126976K, used 96490K [0x0000000089c00000, 0x0000000100000000)
  region size 1024K, 59 young (60416K), 0 survivors (0K)
 Metaspace       used 92138K, committed 92928K, reserved 1179648K
  class space    used 12683K, committed 13056K, reserved 1048576K
}
Event: 15650.555 GC heap after
{Heap after GC invocations=49 (full 2):
 garbage-first heap   total 253952K, used 43482K [0x0000000089c00000, 0x0000000100000000)
  region size 1024K, 6 young (6144K), 6 survivors (6144K)
 Metaspace       used 92138K, committed 92928K, reserved 1179648K
  class space    used 12683K, committed 13056K, reserved 1048576K
}
Event: 15652.035 GC heap before
{Heap before GC invocations=50 (full 2):
 garbage-first heap   total 163840K, used 79322K [0x0000000089c00000, 0x0000000100000000)
  region size 1024K, 40 young (40960K), 6 survivors (6144K)
 Metaspace       used 92513K, committed 93312K, reserved 1179648K
  class space    used 12697K, committed 13056K, reserved 1048576K
}
Event: 15652.043 GC heap after
{Heap after GC invocations=51 (full 2):
 garbage-first heap   total 163840K, used 45913K [0x0000000089c00000, 0x0000000100000000)
  region size 1024K, 4 young (4096K), 4 survivors (4096K)
 Metaspace       used 92513K, committed 93312K, reserved 1179648K
  class space    used 12697K, committed 13056K, reserved 1048576K
}
Event: 15670.186 GC heap before
{Heap before GC invocations=51 (full 2):
 garbage-first heap   total 163840K, used 58201K [0x0000000089c00000, 0x0000000100000000)
  region size 1024K, 17 young (17408K), 4 survivors (4096K)
 Metaspace       used 92535K, committed 93312K, reserved 1179648K
  class space    used 12698K, committed 13056K, reserved 1048576K
}
Event: 15670.274 GC heap after
{Heap after GC invocations=52 (full 3):
 garbage-first heap   total 140288K, used 38512K [0x0000000089c00000, 0x0000000100000000)
  region size 1024K, 0 young (0K), 0 survivors (0K)
 Metaspace       used 92532K, committed 93312K, reserved 1179648K
  class space    used 12698K, committed 13056K, reserved 1048576K
}
Event: 15671.983 GC heap before
{Heap before GC invocations=52 (full 3):
 garbage-first heap   total 140288K, used 95856K [0x0000000089c00000, 0x0000000100000000)
  region size 1024K, 57 young (58368K), 0 survivors (0K)
 Metaspace       used 92706K, committed 93504K, reserved 1179648K
  class space    used 12709K, committed 13056K, reserved 1048576K
}
Event: 15671.990 GC heap after
{Heap after GC invocations=53 (full 3):
 garbage-first heap   total 140288K, used 42944K [0x0000000089c00000, 0x0000000100000000)
  region size 1024K, 5 young (5120K), 5 survivors (5120K)
 Metaspace       used 92706K, committed 93504K, reserved 1179648K
  class space    used 12709K, committed 13056K, reserved 1048576K
}
Event: 15676.482 GC heap before
{Heap before GC invocations=54 (full 3):
 garbage-first heap   total 140288K, used 93120K [0x0000000089c00000, 0x0000000100000000)
  region size 1024K, 54 young (55296K), 5 survivors (5120K)
 Metaspace       used 93108K, committed 93952K, reserved 1179648K
  class space    used 12726K, committed 13120K, reserved 1048576K
}
Event: 15676.574 GC heap after
{Heap after GC invocations=55 (full 4):
 garbage-first heap   total 137216K, used 38746K [0x0000000089c00000, 0x0000000100000000)
  region size 1024K, 0 young (0K), 0 survivors (0K)
 Metaspace       used 93106K, committed 93952K, reserved 1179648K
  class space    used 12726K, committed 13120K, reserved 1048576K
}
Event: 15678.211 GC heap before
{Heap before GC invocations=55 (full 4):
 garbage-first heap   total 137216K, used 98138K [0x0000000089c00000, 0x0000000100000000)
  region size 1024K, 59 young (60416K), 0 survivors (0K)
 Metaspace       used 93248K, committed 94080K, reserved 1179648K
  class space    used 12738K, committed 13120K, reserved 1048576K
}
Event: 15678.218 GC heap after
{Heap after GC invocations=56 (full 4):
 garbage-first heap   total 137216K, used 44261K [0x0000000089c00000, 0x0000000100000000)
  region size 1024K, 6 young (6144K), 6 survivors (6144K)
 Metaspace       used 93248K, committed 94080K, reserved 1179648K
  class space    used 12738K, committed 13120K, reserved 1048576K
}
Event: 15682.412 GC heap before
{Heap before GC invocations=57 (full 4):
 garbage-first heap   total 137216K, used 92389K [0x0000000089c00000, 0x0000000100000000)
  region size 1024K, 54 young (55296K), 6 survivors (6144K)
 Metaspace       used 93618K, committed 94400K, reserved 1179648K
  class space    used 12754K, committed 13120K, reserved 1048576K
}
Event: 15682.505 GC heap after
{Heap after GC invocations=58 (full 5):
 garbage-first heap   total 137216K, used 38961K [0x0000000089c00000, 0x0000000100000000)
  region size 1024K, 0 young (0K), 0 survivors (0K)
 Metaspace       used 93616K, committed 94400K, reserved 1179648K
  class space    used 12753K, committed 13120K, reserved 1048576K
}
Event: 15684.615 GC heap before
{Heap before GC invocations=58 (full 5):
 garbage-first heap   total 137216K, used 98353K [0x0000000089c00000, 0x0000000100000000)
  region size 1024K, 59 young (60416K), 0 survivors (0K)
 Metaspace       used 93759K, committed 94592K, reserved 1179648K
  class space    used 12766K, committed 13120K, reserved 1048576K
}
Event: 15684.623 GC heap after
{Heap after GC invocations=59 (full 5):
 garbage-first heap   total 137216K, used 44501K [0x0000000089c00000, 0x0000000100000000)
  region size 1024K, 6 young (6144K), 6 survivors (6144K)
 Metaspace       used 93759K, committed 94592K, reserved 1179648K
  class space    used 12766K, committed 13120K, reserved 1048576K
}
Event: 15690.757 GC heap before
{Heap before GC invocations=60 (full 5):
 garbage-first heap   total 137216K, used 93653K [0x0000000089c00000, 0x0000000100000000)
  region size 1024K, 55 young (56320K), 6 survivors (6144K)
 Metaspace       used 94134K, committed 94912K, reserved 1179648K
  class space    used 12780K, committed 13120K, reserved 1048576K
}

